2026-01-17T15:50:37.257800Z  INFO sysy_compiler: Logger initialized.
2026-01-17T15:50:37.261458Z  INFO sysy_compiler::frontend::parse: 
Origial ArrayInitVal: ArrayInitVal { init_vals: [] }
2026-01-17T15:50:37.261536Z  INFO sysy_compiler::frontend::parse: Catch ArrayInitVal at depth 0
2026-01-17T15:50:37.261575Z  INFO sysy_compiler::frontend::parse: Successfully flattened array: [Int(0), Int(0), Int(0)]
2026-01-17T15:50:37.261872Z  INFO sysy_compiler::frontend::parse: 
Origial ArrayInitVal: ArrayInitVal { init_vals: [Int(0), Int(1)] }
2026-01-17T15:50:37.261930Z  INFO sysy_compiler::frontend::parse: Catch ArrayInitVal at depth 0
2026-01-17T15:50:37.261959Z  INFO sysy_compiler::frontend::parse: Successfully flattened array: [Int(0), Int(1), Int(0), Int(0)]
2026-01-17T15:50:37.262245Z  INFO sysy_compiler::frontend::parse: 
Origial ArrayInitVal: ArrayInitVal { init_vals: [Int(2), Int(8), Int(6), Int(3), Int(9), Int(1), Int(5)] }
2026-01-17T15:50:37.262351Z  INFO sysy_compiler::frontend::parse: Catch ArrayInitVal at depth 0
2026-01-17T15:50:37.262385Z  INFO sysy_compiler::frontend::parse: Successfully flattened array: [Int(2), Int(8), Int(6), Int(3), Int(9), Int(1), Int(5)]
2026-01-17T15:50:37.262862Z  INFO sysy_compiler::frontend::parse: 
Origial ArrayInitVal: ArrayInitVal { init_vals: [Int(22), Int(33)] }
2026-01-17T15:50:37.262932Z  INFO sysy_compiler::frontend::parse: Catch ArrayInitVal at depth 0
2026-01-17T15:50:37.262966Z  INFO sysy_compiler::frontend::parse: Successfully flattened array: [Int(22), Int(33)]
2026-01-17T15:50:37.263003Z  INFO sysy_compiler::frontend::parse: 
Origial ArrayInitVal: ArrayInitVal { init_vals: [Int(85), Int(0), Int(1), Int(29)] }
2026-01-17T15:50:37.263038Z  INFO sysy_compiler::frontend::parse: Catch ArrayInitVal at depth 0
2026-01-17T15:50:37.263069Z  INFO sysy_compiler::frontend::parse: Successfully flattened array: [Int(85), Int(0), Int(1), Int(29), Int(0), Int(0), Int(0), Int(0), Int(0)]
2026-01-17T15:50:37.263279Z  INFO sysy_compiler::frontend::parse: 
Origial ArrayInitVal: ArrayInitVal { init_vals: [] }
2026-01-17T15:50:37.263335Z  INFO sysy_compiler::frontend::parse: Catch ArrayInitVal at depth 0
2026-01-17T15:50:37.263372Z  INFO sysy_compiler::frontend::parse: Successfully flattened array: [Int(0), Int(0), Int(0), Int(0), Int(0), Int(0), Int(0), Int(0), Int(0), Int(0), Int(0), Int(0), Int(0), Int(0), Int(0)]
2026-01-17T15:50:37.263617Z  INFO sysy_compiler::frontend::parse: 
Origial ArrayInitVal: ArrayInitVal { init_vals: [Int(1), Int(2), Int(3), Int(4), Int(5), Int(6), Int(7), Int(8), Int(9), Int(10), Int(11), Int(12), Int(13), Int(14), Int(15)] }
2026-01-17T15:50:37.263690Z  INFO sysy_compiler::frontend::parse: Catch ArrayInitVal at depth 0
2026-01-17T15:50:37.263746Z  INFO sysy_compiler::frontend::parse: Successfully flattened array: [Int(1), Int(2), Int(3), Int(4), Int(5), Int(6), Int(7), Int(8), Int(9), Int(10), Int(11), Int(12), Int(13), Int(14), Int(15)]
2026-01-17T15:50:37.264227Z  INFO sysy_compiler::frontend::parse: 
Origial ArrayInitVal: ArrayInitVal { init_vals: [ArrayInitVal { init_vals: [Int(1), Int(2), Int(3)] }, ArrayInitVal { init_vals: [Int(4), Int(5), Int(6)] }, ArrayInitVal { init_vals: [Int(7), Int(8), Int(9)] }, ArrayInitVal { init_vals: [Int(10), Int(11), Int(12)] }, ArrayInitVal { init_vals: [Int(13), Int(14), Int(15)] }] }
2026-01-17T15:50:37.264366Z  INFO sysy_compiler::frontend::parse: Catch ArrayInitVal at depth 0
2026-01-17T15:50:37.264399Z  INFO sysy_compiler::frontend::parse: Catch ArrayInitVal at depth 1
2026-01-17T15:50:37.264429Z  INFO sysy_compiler::frontend::parse: Catch ArrayInitVal at depth 1
2026-01-17T15:50:37.264456Z  INFO sysy_compiler::frontend::parse: Catch ArrayInitVal at depth 1
2026-01-17T15:50:37.264484Z  INFO sysy_compiler::frontend::parse: Catch ArrayInitVal at depth 1
2026-01-17T15:50:37.264512Z  INFO sysy_compiler::frontend::parse: Catch ArrayInitVal at depth 1
2026-01-17T15:50:37.264541Z  INFO sysy_compiler::frontend::parse: Successfully flattened array: [Int(1), Int(2), Int(3), Int(4), Int(5), Int(6), Int(7), Int(8), Int(9), Int(10), Int(11), Int(12), Int(13), Int(14), Int(15)]
2026-01-17T15:50:37.264596Z  INFO sysy_compiler::frontend::parse: 
Origial ArrayInitVal: ArrayInitVal { init_vals: [ArrayInitVal { init_vals: [Int(1), Int(2), Int(3)] }, ArrayInitVal { init_vals: [Int(4), Int(5), Int(6)] }, ArrayInitVal { init_vals: [Int(7), Int(8), Int(9)] }, Int(10), Int(11), Int(12), Int(13), Int(14), Int(15)] }
2026-01-17T15:50:37.264667Z  INFO sysy_compiler::frontend::parse: Catch ArrayInitVal at depth 0
2026-01-17T15:50:37.264694Z  INFO sysy_compiler::frontend::parse: Catch ArrayInitVal at depth 1
2026-01-17T15:50:37.264722Z  INFO sysy_compiler::frontend::parse: Catch ArrayInitVal at depth 1
2026-01-17T15:50:37.264754Z  INFO sysy_compiler::frontend::parse: Catch ArrayInitVal at depth 1
2026-01-17T15:50:37.264785Z  INFO sysy_compiler::frontend::parse: Successfully flattened array: [Int(1), Int(2), Int(3), Int(4), Int(5), Int(6), Int(7), Int(8), Int(9), Int(10), Int(11), Int(12), Int(13), Int(14), Int(15)]
2026-01-17T15:50:37.265064Z  INFO sysy_compiler::frontend::parse: 
Origial ArrayInitVal: ArrayInitVal { init_vals: [Int(1), Int(2), Int(3), ArrayInitVal { init_vals: [Int(4)] }, ArrayInitVal { init_vals: [Int(7)] }, Int(10), Int(11), Int(12)] }
2026-01-17T15:50:37.265172Z  INFO sysy_compiler::frontend::parse: Catch ArrayInitVal at depth 0
2026-01-17T15:50:37.265206Z  INFO sysy_compiler::frontend::parse: Catch ArrayInitVal at depth 1
2026-01-17T15:50:37.265238Z  INFO sysy_compiler::frontend::parse: Catch ArrayInitVal at depth 1
2026-01-17T15:50:37.265269Z  INFO sysy_compiler::frontend::parse: Successfully flattened array: [Int(1), Int(2), Int(3), Int(4), Int(0), Int(0), Int(7), Int(0), Int(0), Int(10), Int(11), Int(12), Int(0), Int(0), Int(0)]
2026-01-17T15:50:37.265456Z  INFO sysy_compiler::frontend::parse: 
Origial ArrayInitVal: ArrayInitVal { init_vals: [Int(1), Int(2), Int(3), Int(4), ArrayInitVal { init_vals: [Int(5)] }, ArrayInitVal { init_vals: [] }] }
2026-01-17T15:50:37.265525Z  INFO sysy_compiler::frontend::parse: Catch ArrayInitVal at depth 0
2026-01-17T15:50:37.265569Z  INFO sysy_compiler::frontend::parse: Catch ArrayInitVal at depth 1
2026-01-17T15:50:37.265600Z  INFO sysy_compiler::frontend::parse: Catch ArrayInitVal at depth 1
2026-01-17T15:50:37.265635Z  INFO sysy_compiler::frontend::parse: Successfully flattened array: [Int(1), Int(2), Int(3), Int(4), Int(5), Int(0), Int(0), Int(0), Int(0), Int(0), Int(0), Int(0), Int(0), Int(0), Int(0), Int(0), Int(0), Int(0), Int(0), Int(0), Int(0), Int(0), Int(0), Int(0)]
2026-01-17T15:50:37.266052Z  INFO sysy_compiler: 
Parsed result: Ok(
    Block {
        statements: [
            LocalArray {
                name: "a0",
                typ: Array {
                    base: Int,
                    dims: [
                        3,
                    ],
                },
                init_values: Some(
                    [
                        Int(
                            0,
                        ),
                        Int(
                            0,
                        ),
                        Int(
                            0,
                        ),
                    ],
                ),
            },
            LocalArray {
                name: "b0",
                typ: Array {
                    base: Int,
                    dims: [
                        4,
                    ],
                },
                init_values: Some(
                    [
                        Int(
                            0,
                        ),
                        Int(
                            1,
                        ),
                        Int(
                            0,
                        ),
                        Int(
                            0,
                        ),
                    ],
                ),
            },
            LocalArray {
                name: "c0",
                typ: Array {
                    base: Int,
                    dims: [
                        7,
                    ],
                },
                init_values: Some(
                    [
                        Int(
                            2,
                        ),
                        Int(
                            8,
                        ),
                        Int(
                            6,
                        ),
                        Int(
                            3,
                        ),
                        Int(
                            9,
                        ),
                        Int(
                            1,
                        ),
                        Int(
                            5,
                        ),
                    ],
                ),
            },
            LocalArray {
                name: "d0",
                typ: Array {
                    base: Int,
                    dims: [
                        11,
                    ],
                },
                init_values: None,
            },
            LocalArray {
                name: "e0",
                typ: Array {
                    base: Int,
                    dims: [
                        2,
                    ],
                },
                init_values: Some(
                    [
                        Int(
                            22,
                        ),
                        Int(
                            33,
                        ),
                    ],
                ),
            },
            LocalArray {
                name: "f0",
                typ: Array {
                    base: Int,
                    dims: [
                        6,
                    ],
                },
                init_values: None,
            },
            LocalArray {
                name: "g0",
                typ: Array {
                    base: Int,
                    dims: [
                        9,
                    ],
                },
                init_values: Some(
                    [
                        Int(
                            85,
                        ),
                        Int(
                            0,
                        ),
                        Int(
                            1,
                        ),
                        Int(
                            29,
                        ),
                        Int(
                            0,
                        ),
                        Int(
                            0,
                        ),
                        Int(
                            0,
                        ),
                        Int(
                            0,
                        ),
                        Int(
                            0,
                        ),
                    ],
                ),
            },
            LocalArray {
                name: "a",
                typ: Array {
                    base: Int,
                    dims: [
                        5,
                        3,
                    ],
                },
                init_values: None,
            },
            LocalArray {
                name: "b",
                typ: Array {
                    base: Int,
                    dims: [
                        5,
                        3,
                    ],
                },
                init_values: Some(
                    [
                        Int(
                            0,
                        ),
                        Int(
                            0,
                        ),
                        Int(
                            0,
                        ),
                        Int(
                            0,
                        ),
                        Int(
                            0,
                        ),
                        Int(
                            0,
                        ),
                        Int(
                            0,
                        ),
                        Int(
                            0,
                        ),
                        Int(
                            0,
                        ),
                        Int(
                            0,
                        ),
                        Int(
                            0,
                        ),
                        Int(
                            0,
                        ),
                        Int(
                            0,
                        ),
                        Int(
                            0,
                        ),
                        Int(
                            0,
                        ),
                    ],
                ),
            },
            LocalArray {
                name: "c",
                typ: Array {
                    base: Int,
                    dims: [
                        5,
                        3,
                    ],
                },
                init_values: Some(
                    [
                        Int(
                            1,
                        ),
                        Int(
                            2,
                        ),
                        Int(
                            3,
                        ),
                        Int(
                            4,
                        ),
                        Int(
                            5,
                        ),
                        Int(
                            6,
                        ),
                        Int(
                            7,
                        ),
                        Int(
                            8,
                        ),
                        Int(
                            9,
                        ),
                        Int(
                            10,
                        ),
                        Int(
                            11,
                        ),
                        Int(
                            12,
                        ),
                        Int(
                            13,
                        ),
                        Int(
                            14,
                        ),
                        Int(
                            15,
                        ),
                    ],
                ),
            },
            LocalArray {
                name: "d",
                typ: Array {
                    base: Int,
                    dims: [
                        5,
                        3,
                    ],
                },
                init_values: Some(
                    [
                        Int(
                            1,
                        ),
                        Int(
                            2,
                        ),
                        Int(
                            3,
                        ),
                        Int(
                            4,
                        ),
                        Int(
                            5,
                        ),
                        Int(
                            6,
                        ),
                        Int(
                            7,
                        ),
                        Int(
                            8,
                        ),
                        Int(
                            9,
                        ),
                        Int(
                            10,
                        ),
                        Int(
                            11,
                        ),
                        Int(
                            12,
                        ),
                        Int(
                            13,
                        ),
                        Int(
                            14,
                        ),
                        Int(
                            15,
                        ),
                    ],
                ),
            },
            LocalArray {
                name: "e",
                typ: Array {
                    base: Int,
                    dims: [
                        5,
                        3,
                    ],
                },
                init_values: Some(
                    [
                        Int(
                            1,
                        ),
                        Int(
                            2,
                        ),
                        Int(
                            3,
                        ),
                        Int(
                            4,
                        ),
                        Int(
                            5,
                        ),
                        Int(
                            6,
                        ),
                        Int(
                            7,
                        ),
                        Int(
                            8,
                        ),
                        Int(
                            9,
                        ),
                        Int(
                            10,
                        ),
                        Int(
                            11,
                        ),
                        Int(
                            12,
                        ),
                        Int(
                            13,
                        ),
                        Int(
                            14,
                        ),
                        Int(
                            15,
                        ),
                    ],
                ),
            },
            LocalArray {
                name: "f",
                typ: Array {
                    base: Int,
                    dims: [
                        5,
                    ],
                },
                init_values: None,
            },
            LocalArray {
                name: "g",
                typ: Array {
                    base: Int,
                    dims: [
                        5,
                        3,
                    ],
                },
                init_values: Some(
                    [
                        Int(
                            1,
                        ),
                        Int(
                            2,
                        ),
                        Int(
                            3,
                        ),
                        Int(
                            4,
                        ),
                        Int(
                            0,
                        ),
                        Int(
                            0,
                        ),
                        Int(
                            7,
                        ),
                        Int(
                            0,
                        ),
                        Int(
                            0,
                        ),
                        Int(
                            10,
                        ),
                        Int(
                            11,
                        ),
                        Int(
                            12,
                        ),
                        Int(
                            0,
                        ),
                        Int(
                            0,
                        ),
                        Int(
                            0,
                        ),
                    ],
                ),
            },
            LocalArray {
                name: "h",
                typ: Array {
                    base: Int,
                    dims: [
                        3,
                    ],
                },
                init_values: None,
            },
            LocalArray {
                name: "i",
                typ: Array {
                    base: Int,
                    dims: [
                        2,
                        3,
                        4,
                    ],
                },
                init_values: Some(
                    [
                        Int(
                            1,
                        ),
                        Int(
                            2,
                        ),
                        Int(
                            3,
                        ),
                        Int(
                            4,
                        ),
                        Int(
                            5,
                        ),
                        Int(
                            0,
                        ),
                        Int(
                            0,
                        ),
                        Int(
                            0,
                        ),
                        Int(
                            0,
                        ),
                        Int(
                            0,
                        ),
                        Int(
                            0,
                        ),
                        Int(
                            0,
                        ),
                        Int(
                            0,
                        ),
                        Int(
                            0,
                        ),
                        Int(
                            0,
                        ),
                        Int(
                            0,
                        ),
                        Int(
                            0,
                        ),
                        Int(
                            0,
                        ),
                        Int(
                            0,
                        ),
                        Int(
                            0,
                        ),
                        Int(
                            0,
                        ),
                        Int(
                            0,
                        ),
                        Int(
                            0,
                        ),
                        Int(
                            0,
                        ),
                    ],
                ),
            },
            Function {
                name: "main",
                params: [],
                return_type: Int,
                body: Block {
                    statements: [
                        Return(
                            Some(
                                Int(
                                    5,
                                ),
                            ),
                        ),
                    ],
                },
            },
        ],
    },
)
